<?xml version="1.0" encoding="UTF-8"?>
<!-- Generated by org.testng.reporters.JUnitReportReporter -->
<testsuite skipped="0" hostname="LAPTOP-ORBPMUQU" name="MagentoTest" tests="1" failures="0" timestamp="22 Jan 2019 08:22:41 GMT" time="69.168" errors="0">
  <testcase name="magentotest" time="69.168" classname="MagentoTest"/>
</testsuite> <!-- MagentoTest -->
